ISim log file
Running: C:\Users\Ethan\Desktop\Zsk\test_mips_isim_beh.exe -intstyle ise -gui -tclbatch isim.cmd -wdb C:/Users/Ethan/Desktop/Zsk/test_mips_isim_beh.wdb 
ISim P.20131013 (signature 0x7708f090)
This is a Full version of ISim.
Time resolution is 1 ps
# onerror resume
# wave add /
# run 1000 ns
Simulator is doing circuit initialization process.
Finished circuit initialization process.
                  38@00003000: $28 <= 00000000
                  42@00003004: $29 <= 00000000
                  54@00003010: $ 9 <= 41110000
                  58@00003014: $ 9 <= 41111111
                  62@00003018: $ 8 <= 41110000
                  66@0000301c: $ 8 <= 41111111
                  70@00003020: $31 <= 00003028
                  90@00004180: $26 <= 00000000
                  94@00004184: $26 <= 00000000
                  98@00004188: $26 <= 00000002
                 102@0000418c: $26 <= 80000030
                 106@00004190: $26 <= 00003020
                 110@00004194: $ 1 <= 00000000
                 114@00004198: $ 1 <= 00000008
                 118@0000419c: $26 <= 00003028
                 142@00003028: $10 <= 82222222
                 146@0000302c: $ 9 <= 91110000
                 150@00003030: $ 9 <= 91111111
                 170@00004180: $26 <= 00000000
                 174@00004184: $26 <= 00000000
                 178@00004188: $26 <= 00000002
                 182@0000418c: $26 <= 00000030
                 186@00004190: $26 <= 00003034
                 190@00004194: $ 1 <= 00000000
                 194@00004198: $ 1 <= 00000008
                 198@0000419c: $26 <= 0000303c
                 222@0000303c: $10 <= 01111111
                 226@00003040: $11 <= 00000000
                 230@00003044: $12 <= 00000000
                 234@00003048: $13 <= 00000000
